INFO 2016-02-16 11:54:35,525 signals: Student added: Семен Горох (ID: 14)
INFO 2016-02-16 11:55:11,048 signals: Student updated: Семен Горох (ID: 14)
INFO 2016-02-16 12:04:07,170 signals: Student deleted: Іван Фострик (ID: 1)
ERROR 2016-02-16 12:14:32,270 contact_admin: Під час відправки листа виникла непередбачувана помилка. Спробуйте скористатись даною формою пізніше.
Traceback (most recent call last):
  File "/data/work/virtualenvs/studentsdb/src/studentsdb/students/views/contact_admin.py", line 64, in contact_admin
    send_mail(subject, message, from_email, [''])
  File "/data/work/virtualenvs/studentsdb/local/lib/python2.7/site-packages/django/core/mail/__init__.py", line 62, in send_mail
    return mail.send()
  File "/data/work/virtualenvs/studentsdb/local/lib/python2.7/site-packages/django/core/mail/message.py", line 286, in send
    return self.get_connection(fail_silently).send_messages([self])
  File "/data/work/virtualenvs/studentsdb/local/lib/python2.7/site-packages/django/core/mail/backends/smtp.py", line 92, in send_messages
    new_conn_created = self.open()
  File "/data/work/virtualenvs/studentsdb/local/lib/python2.7/site-packages/django/core/mail/backends/smtp.py", line 55, in open
    self.connection.ehlo()
  File "/usr/lib/python2.7/smtplib.py", line 413, in ehlo
    self.putcmd(self.ehlo_msg, name or self.local_hostname)
  File "/usr/lib/python2.7/smtplib.py", line 341, in putcmd
    self.send(str)
  File "/usr/lib/python2.7/smtplib.py", line 333, in send
    raise SMTPServerDisconnected('please run connect() first')
SMTPServerDisconnected: please run connect() first
INFO 2016-02-19 12:07:01,401 signals: Student added: Олег Сало (ID: 15)
INFO 2016-02-19 12:08:42,283 signals: Student updated: Олег Савків (ID: 10)
INFO 2016-02-19 13:42:31,382 signals: Student updated: Семен Горох (ID: 14)
INFO 2016-02-24 18:49:05,538 signals: Student updated: Семен Горох (ID: 14)
ERROR 2016-02-25 09:17:26,818 contact_admin: Під час відправки листа виникла непередбачувана помилка. Спробуйте скористатись даною формою пізніше.
Traceback (most recent call last):
  File "/data/work/virtualenvs/studentsdb/src/studentsdb/students/views/contact_admin.py", line 66, in contact_admin
    send_mail(subject, message, from_email, [''])
  File "/data/work/virtualenvs/studentsdb/local/lib/python2.7/site-packages/django/core/mail/__init__.py", line 62, in send_mail
    return mail.send()
  File "/data/work/virtualenvs/studentsdb/local/lib/python2.7/site-packages/django/core/mail/message.py", line 286, in send
    return self.get_connection(fail_silently).send_messages([self])
  File "/data/work/virtualenvs/studentsdb/local/lib/python2.7/site-packages/django/core/mail/backends/smtp.py", line 92, in send_messages
    new_conn_created = self.open()
  File "/data/work/virtualenvs/studentsdb/local/lib/python2.7/site-packages/django/core/mail/backends/smtp.py", line 55, in open
    self.connection.ehlo()
  File "/usr/lib/python2.7/smtplib.py", line 413, in ehlo
    self.putcmd(self.ehlo_msg, name or self.local_hostname)
  File "/usr/lib/python2.7/smtplib.py", line 341, in putcmd
    self.send(str)
  File "/usr/lib/python2.7/smtplib.py", line 333, in send
    raise SMTPServerDisconnected('please run connect() first')
SMTPServerDisconnected: please run connect() first
INFO 2016-03-03 21:04:22,443 signals: Student added: Ivan Savchyn (ID: 1)
INFO 2016-03-03 21:29:50,712 signals: Student added: Сергій Горох (ID: 2)
INFO 2016-03-03 21:41:31,185 signals: Student added: Сергій Анткович (ID: 3)
INFO 2016-03-03 21:42:44,959 signals: Student added: Денис Вартовий (ID: 4)
INFO 2016-03-03 21:43:22,258 signals: Student updated: Сергій Анткович (ID: 3)
INFO 2016-03-03 21:45:39,548 signals: Student updated: Ivan Savchyn (ID: 1)
INFO 2016-03-04 21:35:31,397 signals: Student added: Kid Napping (ID: 1)
INFO 2016-03-04 21:35:31,407 signals: Student added: Joshua Friday (ID: 2)
INFO 2016-03-04 21:35:31,421 signals: Student added: Samuel Jackson (ID: 3)
INFO 2016-03-04 21:35:31,433 signals: Student added: John Smith (ID: 4)
INFO 2016-03-04 21:38:57,151 signals: Student added: Kid Napping (ID: 1)
INFO 2016-03-04 21:38:57,161 signals: Student added: Joshua Friday (ID: 2)
INFO 2016-03-04 21:38:57,174 signals: Student added: Samuel Jackson (ID: 3)
INFO 2016-03-04 21:38:57,183 signals: Student added: John Smith (ID: 4)
INFO 2016-03-04 23:03:02,898 signals: Student added: Kid Napping (ID: 1)
INFO 2016-03-04 23:03:02,908 signals: Student added: Joshua Friday (ID: 2)
INFO 2016-03-04 23:03:02,926 signals: Student added: Samuel Jackson (ID: 3)
INFO 2016-03-04 23:03:02,937 signals: Student added: John Smith (ID: 4)
INFO 2016-03-04 23:03:03,286 signals: Student added: Kid Napping (ID: 5)
INFO 2016-03-04 23:03:03,296 signals: Student added: Joshua Friday (ID: 6)
INFO 2016-03-04 23:03:03,308 signals: Student added: Samuel Jackson (ID: 7)
INFO 2016-03-04 23:03:03,327 signals: Student added: John Smith (ID: 8)
INFO 2016-03-04 23:03:03,482 signals: Student added: Kid Napping (ID: 9)
INFO 2016-03-04 23:03:03,491 signals: Student added: Joshua Friday (ID: 10)
INFO 2016-03-04 23:03:03,515 signals: Student added: Samuel Jackson (ID: 11)
INFO 2016-03-04 23:03:03,530 signals: Student added: John Smith (ID: 12)
INFO 2016-03-04 23:13:08,127 signals: Student added: Kid Napping (ID: 1)
INFO 2016-03-04 23:13:08,137 signals: Student added: Joshua Friday (ID: 2)
INFO 2016-03-04 23:13:08,152 signals: Student added: Samuel Jackson (ID: 3)
INFO 2016-03-04 23:13:08,161 signals: Student added: John Smith (ID: 4)
INFO 2016-03-04 23:13:08,494 signals: Student added: Kid Napping (ID: 5)
INFO 2016-03-04 23:13:08,502 signals: Student added: Joshua Friday (ID: 6)
INFO 2016-03-04 23:13:08,515 signals: Student added: Samuel Jackson (ID: 7)
INFO 2016-03-04 23:13:08,524 signals: Student added: John Smith (ID: 8)
INFO 2016-03-04 23:13:08,671 signals: Student added: Kid Napping (ID: 9)
INFO 2016-03-04 23:13:08,684 signals: Student added: Joshua Friday (ID: 10)
INFO 2016-03-04 23:13:08,695 signals: Student added: Samuel Jackson (ID: 11)
INFO 2016-03-04 23:13:08,705 signals: Student added: John Smith (ID: 12)
INFO 2016-03-04 23:14:33,075 signals: Student added: Kid Napping (ID: 1)
INFO 2016-03-04 23:14:33,085 signals: Student added: Joshua Friday (ID: 2)
INFO 2016-03-04 23:14:33,097 signals: Student added: Samuel Jackson (ID: 3)
INFO 2016-03-04 23:14:33,107 signals: Student added: John Smith (ID: 4)
INFO 2016-03-04 23:14:33,447 signals: Student added: Kid Napping (ID: 5)
INFO 2016-03-04 23:14:33,469 signals: Student added: Joshua Friday (ID: 6)
INFO 2016-03-04 23:14:33,478 signals: Student added: Samuel Jackson (ID: 7)
INFO 2016-03-04 23:14:33,500 signals: Student added: John Smith (ID: 8)
INFO 2016-03-04 23:14:33,673 signals: Student added: Kid Napping (ID: 9)
INFO 2016-03-04 23:14:33,683 signals: Student added: Joshua Friday (ID: 10)
INFO 2016-03-04 23:14:33,695 signals: Student added: Samuel Jackson (ID: 11)
INFO 2016-03-04 23:14:33,704 signals: Student added: John Smith (ID: 12)
